============================================================
HPDECO CPU Slurm Job
============================================================
Job ID:        743765
Job name:      hpdeco_cpu
Node:          c24-30
Submit dir:    /umbc/rs/pi_mhms379/common/research/HPDECO/src/Quantum-Accelerated-Adjoint-Method-PDE-Constrained-Optimization/output/CHIP/scaling/hybrid/heat/nx_4
Run dir:       /umbc/rs/pi_mhms379/common/research/HPDECO/src/Quantum-Accelerated-Adjoint-Method-PDE-Constrained-Optimization/output/CHIP/scaling/hybrid/heat/nx_4
Tmp dir:       /umbc/rs/pi_mhms379/common/research/HPDECO/src/Quantum-Accelerated-Adjoint-Method-PDE-Constrained-Optimization/output/CHIP/scaling/hybrid/heat/nx_4/tmp_743765
Start time:    Tue Apr 28 10:43:59 AM EDT 2026
============================================================

Loaded modules:

Currently Loaded Modules:
  1) GCCcore/13.2.0                   7) Tcl/8.6.13-GCCcore-13.2.0
  2) zlib/1.2.13-GCCcore-13.2.0       8) SQLite/3.43.1-GCCcore-13.2.0
  3) binutils/2.40-GCCcore-13.2.0     9) XZ/5.4.4-GCCcore-13.2.0
  4) bzip2/1.0.8-GCCcore-13.2.0      10) libffi/3.4.4-GCCcore-13.2.0
  5) ncurses/6.4-GCCcore-13.2.0      11) OpenSSL/1.1
  6) libreadline/8.2-GCCcore-13.2.0  12) Python/3.11.5-GCCcore-13.2.0

 


Python:
/umbc/rs/pi_mhms379/common/research/HPDECO/envs/hpdeco_env/bin/python
Python 3.11.5

CPU node info:
c24-30
Architecture:                            x86_64
CPU op-mode(s):                          32-bit, 64-bit
Address sizes:                           46 bits physical, 57 bits virtual
Byte Order:                              Little Endian
CPU(s):                                  64
On-line CPU(s) list:                     0-63
Vendor ID:                               GenuineIntel
Model name:                              INTEL(R) XEON(R) GOLD 6548Y+
CPU family:                              6
Model:                                   207
Thread(s) per core:                      1
Core(s) per socket:                      32
Socket(s):                               2
Stepping:                                2
BogoMIPS:                                5000.00
Flags:                                   fpu vme de pse tsc msr pae mce cx8 apic sep mtrr pge mca cmov pat pse36 clflush dts acpi mmx fxsr sse sse2 ss ht tm pbe syscall nx pdpe1gb rdtscp lm constant_tsc art arch_perfmon pebs bts rep_good nopl xtopology nonstop_tsc cpuid aperfmperf tsc_known_freq pni pclmulqdq dtes64 monitor ds_cpl vmx smx est tm2 ssse3 sdbg fma cx16 xtpr pdcm pcid dca sse4_1 sse4_2 x2apic movbe popcnt tsc_deadline_timer aes xsave avx f16c rdrand lahf_lm abm 3dnowprefetch cpuid_fault epb cat_l3 cat_l2 cdp_l3 cdp_l2 ssbd mba ibrs ibpb stibp ibrs_enhanced tpr_shadow flexpriority ept vpid ept_ad fsgsbase tsc_adjust bmi1 avx2 smep bmi2 erms invpcid cqm rdt_a avx512f avx512dq rdseed adx smap avx512ifma clflushopt clwb intel_pt avx512cd sha_ni avx512bw avx512vl xsaveopt xsavec xgetbv1 xsaves cqm_llc cqm_occup_llc cqm_mbm_total cqm_mbm_local split_lock_detect user_shstk avx_vnni avx512_bf16 wbnoinvd dtherm ida arat pln pts hfi vnmi avx512vbmi umip pku ospke waitpkg avx512_vbmi2 gfni vaes vpclmulqdq avx512_vnni avx512_bitalg tme avx512_vpopcntdq la57 rdpid bus_lock_detect cldemote movdiri movdir64b enqcmd fsrm md_clear serialize tsxldtrk pconfig arch_lbr ibt amx_bf16 avx512_fp16 amx_tile amx_int8 flush_l1d arch_capabilities
Virtualization:                          VT-x
L1d cache:                               3 MiB (64 instances)
L1i cache:                               2 MiB (64 instances)
L2 cache:                                128 MiB (64 instances)

Current directory:
/umbc/rs/pi_mhms379/common/research/HPDECO/src/Quantum-Accelerated-Adjoint-Method-PDE-Constrained-Optimization

Running experiment...
